<?xml version="1.0" encoding="UTF-8"?>
<!-- Generated by org.testng.reporters.JUnitReportReporter -->
<testsuite hostname="PC_Of_Malith" failures="0" tests="2" name="com.crm.qa.testcases.LoginFuncTest" time="55.848" errors="0" timestamp="10 Oct 2023 02:46:51 GMT" skipped="0">
  <testcase classname="com.crm.qa.testcases.LoginFuncTest" name="verifyLogin" time="16.114"/>
  <testcase classname="com.crm.qa.testcases.LoginFuncTest" name="verifyLogin" time="39.734"/>
</testsuite> <!-- com.crm.qa.testcases.LoginFuncTest -->
