<?xml version="1.0" encoding="UTF-8"?>
<!-- Generated by org.testng.reporters.JUnitReportReporter -->
<testsuite skipped="0" hostname="Anuradha-PC" name="com.crm.qa.testcases.LoginFuncTest" tests="2" failures="0" timestamp="2023-10-10T01:11:12 IST" time="85.470" errors="0">
  <testcase name="verifyLogin" time="38.980" classname="com.crm.qa.testcases.LoginFuncTest"/>
  <system-out/>
  <testcase name="verifyLogin" time="46.490" classname="com.crm.qa.testcases.LoginFuncTest"/>
  <system-out/>
</testsuite> <!-- com.crm.qa.testcases.LoginFuncTest -->
